<?xml version="1.0" encoding="UTF-8"?>
<testsuite xmlns:xsi="http://www.w3.org/2001/XMLSchema-instance" xsi:noNamespaceSchemaLocation="https://maven.apache.org/surefire/maven-surefire-plugin/xsd/surefire-test-report-3.0.xsd" version="3.0" name="io.FileIOTest" time="0.0" tests="4" errors="0" skipped="0" failures="0">
  <properties>
    <property name="java.specification.version" value="19"/>
    <property name="sun.jnu.encoding" value="UTF-8"/>
    <property name="java.class.path" value="/home/farhantausif/Desktop/SE-605-Sofware-Testing-QA/unittesting/target/test-classes:/home/farhantausif/Desktop/SE-605-Sofware-Testing-QA/unittesting/target/classes:/home/farhantausif/.m2/repository/junit/junit/4.13.2/junit-4.13.2.jar:/home/farhantausif/.m2/repository/org/hamcrest/hamcrest-core/1.3/hamcrest-core-1.3.jar:"/>
    <property name="java.vm.vendor" value="Amazon.com Inc."/>
    <property name="sun.arch.data.model" value="64"/>
    <property name="java.vendor.url" value="https://aws.amazon.com/corretto/"/>
    <property name="os.name" value="Linux"/>
    <property name="java.vm.specification.version" value="19"/>
    <property name="sun.java.launcher" value="SUN_STANDARD"/>
    <property name="user.country" value="US"/>
    <property name="sun.boot.library.path" value="/home/farhantausif/.jdks/corretto-19.0.2/lib"/>
    <property name="sun.java.command" value="/home/farhantausif/Desktop/SE-605-Sofware-Testing-QA/unittesting/target/surefire/surefirebooter-20250708123813020_3.jar /home/farhantausif/Desktop/SE-605-Sofware-Testing-QA/unittesting/target/surefire 2025-07-08T12-38-12_978-jvmRun1 surefire-20250708123813020_1tmp surefire_0-20250708123813020_2tmp"/>
    <property name="jdk.debug" value="release"/>
    <property name="surefire.test.class.path" value="/home/farhantausif/Desktop/SE-605-Sofware-Testing-QA/unittesting/target/test-classes:/home/farhantausif/Desktop/SE-605-Sofware-Testing-QA/unittesting/target/classes:/home/farhantausif/.m2/repository/junit/junit/4.13.2/junit-4.13.2.jar:/home/farhantausif/.m2/repository/org/hamcrest/hamcrest-core/1.3/hamcrest-core-1.3.jar:"/>
    <property name="sun.cpu.endian" value="little"/>
    <property name="user.home" value="/home/farhantausif"/>
    <property name="user.language" value="en"/>
    <property name="java.specification.vendor" value="Oracle Corporation"/>
    <property name="java.version.date" value="2023-01-17"/>
    <property name="java.home" value="/home/farhantausif/.jdks/corretto-19.0.2"/>
    <property name="file.separator" value="/"/>
    <property name="basedir" value="/home/farhantausif/Desktop/SE-605-Sofware-Testing-QA/unittesting"/>
    <property name="java.vm.compressedOopsMode" value="Zero based"/>
    <property name="line.separator" value="&#10;"/>
    <property name="java.specification.name" value="Java Platform API Specification"/>
    <property name="java.vm.specification.vendor" value="Oracle Corporation"/>
    <property name="surefire.real.class.path" value="/home/farhantausif/Desktop/SE-605-Sofware-Testing-QA/unittesting/target/surefire/surefirebooter-20250708123813020_3.jar"/>
    <property name="sun.management.compiler" value="HotSpot 64-Bit Tiered Compilers"/>
    <property name="java.runtime.version" value="19.0.2+7-FR"/>
    <property name="user.name" value="farhantausif"/>
    <property name="stdout.encoding" value="UTF-8"/>
    <property name="path.separator" value=":"/>
    <property name="os.version" value="6.11.0-26-generic"/>
    <property name="java.runtime.name" value="OpenJDK Runtime Environment"/>
    <property name="file.encoding" value="UTF-8"/>
    <property name="java.vm.name" value="OpenJDK 64-Bit Server VM"/>
    <property name="java.vendor.version" value="Corretto-19.0.2.7.1"/>
    <property name="localRepository" value="/home/farhantausif/.m2/repository"/>
    <property name="java.vendor.url.bug" value="https://github.com/corretto/corretto-19/issues/"/>
    <property name="java.io.tmpdir" value="/tmp"/>
    <property name="idea.version" value="2025.1.2"/>
    <property name="java.version" value="19.0.2"/>
    <property name="user.dir" value="/home/farhantausif/Desktop/SE-605-Sofware-Testing-QA/unittesting"/>
    <property name="os.arch" value="amd64"/>
    <property name="java.vm.specification.name" value="Java Virtual Machine Specification"/>
    <property name="native.encoding" value="UTF-8"/>
    <property name="java.library.path" value="/usr/java/packages/lib:/usr/lib64:/lib64:/lib:/usr/lib"/>
    <property name="java.vm.info" value="mixed mode, sharing"/>
    <property name="stderr.encoding" value="UTF-8"/>
    <property name="java.vendor" value="Amazon.com Inc."/>
    <property name="java.vm.version" value="19.0.2+7-FR"/>
    <property name="sun.io.unicode.encoding" value="UnicodeLittle"/>
    <property name="java.class.version" value="63.0"/>
  </properties>
  <testcase name="test_readFile" classname="io.FileIOTest" time="0.0"/>
  <testcase name="test_readFile_when_file_is_empty" classname="io.FileIOTest" time="0.0"/>
  <testcase name="test_readFile_when_file_does_not_exist" classname="io.FileIOTest" time="0.0"/>
  <testcase name="test_readFile_if_file_is_invalid" classname="io.FileIOTest" time="0.0"/>
</testsuite>